[0.680s] DEBUG:colcon:Command line arguments: ['/usr/bin/colcon', 'list', '-p', '--base-paths', '/home/ub22/Robotic_Arm']
[0.685s] DEBUG:colcon:Parsed command line arguments: Namespace(log_base=None, log_level=None, verb_name='list', build_base='build', ignore_user_meta=False, metas=['./colcon.meta'], base_paths=['/home/ub22/Robotic_Arm'], packages_ignore=None, packages_ignore_regex=None, paths=None, packages_up_to=None, packages_up_to_regex=None, packages_above=None, packages_above_and_dependencies=None, packages_above_depth=None, packages_select_by_dep=None, packages_skip_by_dep=None, packages_skip_up_to=None, packages_select_build_failed=False, packages_skip_build_finished=False, packages_select_test_failures=False, packages_skip_test_passed=False, packages_select=None, packages_skip=None, packages_select_regex=None, packages_skip_regex=None, packages_start=None, packages_end=None, allow_overriding=[], topological_order=False, names_only=False, paths_only=True, topological_graph=False, topological_graph_dot=False, topological_graph_density=False, topological_graph_legend=False, topological_graph_dot_cluster=False, topological_graph_dot_include_skipped=False, mixin_files=None, mixin=None, verb_parser=<colcon_mixin.mixin.mixin_argument.MixinArgumentDecorator object at 0x77c205157700>, verb_extension=<colcon_package_information.verb.list.ListVerb object at 0x77c205156860>, main=<bound method ListVerb.main of <colcon_package_information.verb.list.ListVerb object at 0x77c205156860>>, mixin_verb=('list',))
[1.277s] Level 1:colcon.colcon_core.package_discovery:discover_packages(colcon_meta) check parameters
[1.277s] Level 1:colcon.colcon_core.package_discovery:discover_packages(recursive) check parameters
[1.277s] Level 1:colcon.colcon_core.package_discovery:discover_packages(ignore) check parameters
[1.277s] Level 1:colcon.colcon_core.package_discovery:discover_packages(path) check parameters
[1.277s] Level 1:colcon.colcon_core.package_discovery:discover_packages(recursive) discover
[1.277s] INFO:colcon.colcon_core.package_discovery:Crawling recursively for packages in '/home/ub22/Robotic_Arm'
[1.278s] Level 1:colcon.colcon_core.package_identification:_identify(/home/ub22/Robotic_Arm) by extensions ['ignore', 'ignore_ament_install']
[1.278s] Level 1:colcon.colcon_core.package_identification:_identify(/home/ub22/Robotic_Arm) by extension 'ignore'
[1.278s] Level 1:colcon.colcon_core.package_identification:_identify(/home/ub22/Robotic_Arm) by extension 'ignore_ament_install'
[1.278s] Level 1:colcon.colcon_core.package_identification:_identify(/home/ub22/Robotic_Arm) by extensions ['colcon_pkg']
[1.279s] Level 1:colcon.colcon_core.package_identification:_identify(/home/ub22/Robotic_Arm) by extension 'colcon_pkg'
[1.279s] Level 1:colcon.colcon_core.package_identification:_identify(/home/ub22/Robotic_Arm) by extensions ['colcon_meta']
[1.279s] Level 1:colcon.colcon_core.package_identification:_identify(/home/ub22/Robotic_Arm) by extension 'colcon_meta'
[1.279s] Level 1:colcon.colcon_core.package_identification:_identify(/home/ub22/Robotic_Arm) by extensions ['ros']
[1.279s] Level 1:colcon.colcon_core.package_identification:_identify(/home/ub22/Robotic_Arm) by extension 'ros'
[1.361s] Level 1:colcon.colcon_core.package_identification:_identify(/home/ub22/Robotic_Arm) by extensions ['cmake', 'python']
[1.361s] Level 1:colcon.colcon_core.package_identification:_identify(/home/ub22/Robotic_Arm) by extension 'cmake'
[1.361s] Level 1:colcon.colcon_core.package_identification:_identify(/home/ub22/Robotic_Arm) by extension 'python'
[1.361s] Level 1:colcon.colcon_core.package_identification:_identify(/home/ub22/Robotic_Arm) by extensions ['python_setup_py']
[1.361s] Level 1:colcon.colcon_core.package_identification:_identify(/home/ub22/Robotic_Arm) by extension 'python_setup_py'
[1.362s] Level 1:colcon.colcon_core.package_identification:_identify(/home/ub22/Robotic_Arm/log) by extensions ['ignore', 'ignore_ament_install']
[1.362s] Level 1:colcon.colcon_core.package_identification:_identify(/home/ub22/Robotic_Arm/log) by extension 'ignore'
[1.362s] Level 1:colcon.colcon_core.package_identification:_identify(/home/ub22/Robotic_Arm/log) ignored
[1.363s] Level 1:colcon.colcon_core.package_identification:_identify(/home/ub22/Robotic_Arm/src) by extensions ['ignore', 'ignore_ament_install']
[1.363s] Level 1:colcon.colcon_core.package_identification:_identify(/home/ub22/Robotic_Arm/src) by extension 'ignore'
[1.363s] Level 1:colcon.colcon_core.package_identification:_identify(/home/ub22/Robotic_Arm/src) by extension 'ignore_ament_install'
[1.363s] Level 1:colcon.colcon_core.package_identification:_identify(/home/ub22/Robotic_Arm/src) by extensions ['colcon_pkg']
[1.363s] Level 1:colcon.colcon_core.package_identification:_identify(/home/ub22/Robotic_Arm/src) by extension 'colcon_pkg'
[1.364s] Level 1:colcon.colcon_core.package_identification:_identify(/home/ub22/Robotic_Arm/src) by extensions ['colcon_meta']
[1.364s] Level 1:colcon.colcon_core.package_identification:_identify(/home/ub22/Robotic_Arm/src) by extension 'colcon_meta'
[1.364s] Level 1:colcon.colcon_core.package_identification:_identify(/home/ub22/Robotic_Arm/src) by extensions ['ros']
[1.364s] Level 1:colcon.colcon_core.package_identification:_identify(/home/ub22/Robotic_Arm/src) by extension 'ros'
[1.364s] Level 1:colcon.colcon_core.package_identification:_identify(/home/ub22/Robotic_Arm/src) by extensions ['cmake', 'python']
[1.364s] Level 1:colcon.colcon_core.package_identification:_identify(/home/ub22/Robotic_Arm/src) by extension 'cmake'
[1.364s] Level 1:colcon.colcon_core.package_identification:_identify(/home/ub22/Robotic_Arm/src) by extension 'python'
[1.364s] Level 1:colcon.colcon_core.package_identification:_identify(/home/ub22/Robotic_Arm/src) by extensions ['python_setup_py']
[1.364s] Level 1:colcon.colcon_core.package_identification:_identify(/home/ub22/Robotic_Arm/src) by extension 'python_setup_py'
[1.365s] Level 1:colcon.colcon_core.package_identification:_identify(/home/ub22/Robotic_Arm/src/Arm_Urdf) by extensions ['ignore', 'ignore_ament_install']
[1.365s] Level 1:colcon.colcon_core.package_identification:_identify(/home/ub22/Robotic_Arm/src/Arm_Urdf) by extension 'ignore'
[1.366s] Level 1:colcon.colcon_core.package_identification:_identify(/home/ub22/Robotic_Arm/src/Arm_Urdf) by extension 'ignore_ament_install'
[1.367s] Level 1:colcon.colcon_core.package_identification:_identify(/home/ub22/Robotic_Arm/src/Arm_Urdf) by extensions ['colcon_pkg']
[1.367s] Level 1:colcon.colcon_core.package_identification:_identify(/home/ub22/Robotic_Arm/src/Arm_Urdf) by extension 'colcon_pkg'
[1.367s] Level 1:colcon.colcon_core.package_identification:_identify(/home/ub22/Robotic_Arm/src/Arm_Urdf) by extensions ['colcon_meta']
[1.367s] Level 1:colcon.colcon_core.package_identification:_identify(/home/ub22/Robotic_Arm/src/Arm_Urdf) by extension 'colcon_meta'
[1.367s] Level 1:colcon.colcon_core.package_identification:_identify(/home/ub22/Robotic_Arm/src/Arm_Urdf) by extensions ['ros']
[1.367s] Level 1:colcon.colcon_core.package_identification:_identify(/home/ub22/Robotic_Arm/src/Arm_Urdf) by extension 'ros'
[1.375s] DEBUG:colcon.colcon_core.package_identification:Package '/home/ub22/Robotic_Arm/src/Arm_Urdf' with type 'ros.catkin' and name 'Arm_Urdf'
[1.375s] Level 1:colcon.colcon_core.package_identification:_identify(/home/ub22/Robotic_Arm/src/arm_moveit_config) by extensions ['ignore', 'ignore_ament_install']
[1.376s] Level 1:colcon.colcon_core.package_identification:_identify(/home/ub22/Robotic_Arm/src/arm_moveit_config) by extension 'ignore'
[1.376s] Level 1:colcon.colcon_core.package_identification:_identify(/home/ub22/Robotic_Arm/src/arm_moveit_config) by extension 'ignore_ament_install'
[1.376s] Level 1:colcon.colcon_core.package_identification:_identify(/home/ub22/Robotic_Arm/src/arm_moveit_config) by extensions ['colcon_pkg']
[1.376s] Level 1:colcon.colcon_core.package_identification:_identify(/home/ub22/Robotic_Arm/src/arm_moveit_config) by extension 'colcon_pkg'
[1.376s] Level 1:colcon.colcon_core.package_identification:_identify(/home/ub22/Robotic_Arm/src/arm_moveit_config) by extensions ['colcon_meta']
[1.376s] Level 1:colcon.colcon_core.package_identification:_identify(/home/ub22/Robotic_Arm/src/arm_moveit_config) by extension 'colcon_meta'
[1.377s] Level 1:colcon.colcon_core.package_identification:_identify(/home/ub22/Robotic_Arm/src/arm_moveit_config) by extensions ['ros']
[1.377s] Level 1:colcon.colcon_core.package_identification:_identify(/home/ub22/Robotic_Arm/src/arm_moveit_config) by extension 'ros'
[1.379s] DEBUG:colcon.colcon_core.package_identification:Package '/home/ub22/Robotic_Arm/src/arm_moveit_config' with type 'ros.catkin' and name 'arm_moveit_config'
[1.380s] Level 1:colcon.colcon_core.package_identification:_identify(/home/ub22/Robotic_Arm/src/autonomous_typing) by extensions ['ignore', 'ignore_ament_install']
[1.380s] Level 1:colcon.colcon_core.package_identification:_identify(/home/ub22/Robotic_Arm/src/autonomous_typing) by extension 'ignore'
[1.380s] Level 1:colcon.colcon_core.package_identification:_identify(/home/ub22/Robotic_Arm/src/autonomous_typing) by extension 'ignore_ament_install'
[1.380s] Level 1:colcon.colcon_core.package_identification:_identify(/home/ub22/Robotic_Arm/src/autonomous_typing) by extensions ['colcon_pkg']
[1.380s] Level 1:colcon.colcon_core.package_identification:_identify(/home/ub22/Robotic_Arm/src/autonomous_typing) by extension 'colcon_pkg'
[1.380s] Level 1:colcon.colcon_core.package_identification:_identify(/home/ub22/Robotic_Arm/src/autonomous_typing) by extensions ['colcon_meta']
[1.380s] Level 1:colcon.colcon_core.package_identification:_identify(/home/ub22/Robotic_Arm/src/autonomous_typing) by extension 'colcon_meta'
[1.380s] Level 1:colcon.colcon_core.package_identification:_identify(/home/ub22/Robotic_Arm/src/autonomous_typing) by extensions ['ros']
[1.381s] Level 1:colcon.colcon_core.package_identification:_identify(/home/ub22/Robotic_Arm/src/autonomous_typing) by extension 'ros'
[1.383s] DEBUG:colcon.colcon_core.package_identification:Package '/home/ub22/Robotic_Arm/src/autonomous_typing' with type 'ros.catkin' and name 'autonomous_typing'
[1.383s] Level 1:colcon.colcon_core.package_identification:_identify(/home/ub22/Robotic_Arm/src/stereo_vision) by extensions ['ignore', 'ignore_ament_install']
[1.384s] Level 1:colcon.colcon_core.package_identification:_identify(/home/ub22/Robotic_Arm/src/stereo_vision) by extension 'ignore'
[1.384s] Level 1:colcon.colcon_core.package_identification:_identify(/home/ub22/Robotic_Arm/src/stereo_vision) by extension 'ignore_ament_install'
[1.384s] Level 1:colcon.colcon_core.package_identification:_identify(/home/ub22/Robotic_Arm/src/stereo_vision) by extensions ['colcon_pkg']
[1.384s] Level 1:colcon.colcon_core.package_identification:_identify(/home/ub22/Robotic_Arm/src/stereo_vision) by extension 'colcon_pkg'
[1.384s] Level 1:colcon.colcon_core.package_identification:_identify(/home/ub22/Robotic_Arm/src/stereo_vision) by extensions ['colcon_meta']
[1.385s] Level 1:colcon.colcon_core.package_identification:_identify(/home/ub22/Robotic_Arm/src/stereo_vision) by extension 'colcon_meta'
[1.385s] Level 1:colcon.colcon_core.package_identification:_identify(/home/ub22/Robotic_Arm/src/stereo_vision) by extensions ['ros']
[1.385s] Level 1:colcon.colcon_core.package_identification:_identify(/home/ub22/Robotic_Arm/src/stereo_vision) by extension 'ros'
[1.387s] DEBUG:colcon.colcon_core.package_identification:Package '/home/ub22/Robotic_Arm/src/stereo_vision' with type 'ros.catkin' and name 'stereo_vision'
[1.388s] Level 1:colcon.colcon_core.package_identification:_identify(/home/ub22/Robotic_Arm/src/teleop_arm) by extensions ['ignore', 'ignore_ament_install']
[1.388s] Level 1:colcon.colcon_core.package_identification:_identify(/home/ub22/Robotic_Arm/src/teleop_arm) by extension 'ignore'
[1.388s] Level 1:colcon.colcon_core.package_identification:_identify(/home/ub22/Robotic_Arm/src/teleop_arm) by extension 'ignore_ament_install'
[1.389s] Level 1:colcon.colcon_core.package_identification:_identify(/home/ub22/Robotic_Arm/src/teleop_arm) by extensions ['colcon_pkg']
[1.389s] Level 1:colcon.colcon_core.package_identification:_identify(/home/ub22/Robotic_Arm/src/teleop_arm) by extension 'colcon_pkg'
[1.389s] Level 1:colcon.colcon_core.package_identification:_identify(/home/ub22/Robotic_Arm/src/teleop_arm) by extensions ['colcon_meta']
[1.390s] Level 1:colcon.colcon_core.package_identification:_identify(/home/ub22/Robotic_Arm/src/teleop_arm) by extension 'colcon_meta'
[1.390s] Level 1:colcon.colcon_core.package_identification:_identify(/home/ub22/Robotic_Arm/src/teleop_arm) by extensions ['ros']
[1.390s] Level 1:colcon.colcon_core.package_identification:_identify(/home/ub22/Robotic_Arm/src/teleop_arm) by extension 'ros'
[1.392s] DEBUG:colcon.colcon_core.package_identification:Package '/home/ub22/Robotic_Arm/src/teleop_arm' with type 'ros.catkin' and name 'teleop_arm'
[1.392s] Level 1:colcon.colcon_core.package_discovery:discover_packages(recursive) using defaults
